Using pre-set license
Built from '2021.2/staging' branch; Version is '2021.2.12f1 (48b1aa000234) revision 4764074'; Using compiler version '192829333'; Build Type 'Release'
OS: 'Windows 10  (10.0.19044) 64bit Core' Language: 'zh' Physical Memory: 8109 MB
BatchMode: 1, IsHumanControllingUs: 0, StartBugReporterOnCrash: 0, Is64bit: 1, IsPro: 0

COMMAND LINE ARGUMENTS:
D:\UNITY\2021.2.12f1\Editor\Unity.exe
-adb2
-batchMode
-noUpm
-name
AssetImportWorker15
-projectPath
D:/GAME_DESIGN/CURRIC 576/MyProj/A02_BasicGenreFrameWork_Card_LetoXinyueLiang
-logFile
Logs/AssetImportWorker15.log
-srvPort
54649
Successfully changed project path to: D:/GAME_DESIGN/CURRIC 576/MyProj/A02_BasicGenreFrameWork_Card_LetoXinyueLiang
D:/GAME_DESIGN/CURRIC 576/MyProj/A02_BasicGenreFrameWork_Card_LetoXinyueLiang
[UnityMemory] Configuration Parameters - Can be set up in boot.config
    "memorysetup-bucket-allocator-granularity=16"
    "memorysetup-bucket-allocator-bucket-count=8"
    "memorysetup-bucket-allocator-block-size=33554432"
    "memorysetup-bucket-allocator-block-count=8"
    "memorysetup-main-allocator-block-size=16777216"
    "memorysetup-thread-allocator-block-size=16777216"
    "memorysetup-gfx-main-allocator-block-size=16777216"
    "memorysetup-gfx-thread-allocator-block-size=16777216"
    "memorysetup-cache-allocator-block-size=4194304"
    "memorysetup-typetree-allocator-block-size=2097152"
    "memorysetup-profiler-bucket-allocator-granularity=16"
    "memorysetup-profiler-bucket-allocator-bucket-count=8"
    "memorysetup-profiler-bucket-allocator-block-size=33554432"
    "memorysetup-profiler-bucket-allocator-block-count=8"
    "memorysetup-profiler-allocator-block-size=16777216"
    "memorysetup-profiler-editor-allocator-block-size=1048576"
    "memorysetup-temp-allocator-size-main=16777216"
    "memorysetup-job-temp-allocator-block-size=2097152"
    "memorysetup-job-temp-allocator-block-size-background=1048576"
    "memorysetup-job-temp-allocator-reduction-small-platforms=262144"
    "memorysetup-temp-allocator-size-background-worker=32768"
    "memorysetup-temp-allocator-size-job-worker=262144"
    "memorysetup-temp-allocator-size-preload-manager=33554432"
    "memorysetup-temp-allocator-size-nav-mesh-worker=65536"
    "memorysetup-temp-allocator-size-audio-worker=65536"
    "memorysetup-temp-allocator-size-cloud-worker=32768"
    "memorysetup-temp-allocator-size-gi-baking-worker=262144"
    "memorysetup-temp-allocator-size-gfx=262144"
Refreshing native plugins compatible for Editor in 785.11 ms, found 3 plugins.
Preloading 0 native plugins for Editor in 0.00 ms.
Initialize engine version: 2021.2.12f1 (48b1aa000234)
[Subsystems] Discovering subsystems at path D:/UNITY/2021.2.12f1/Editor/Data/Resources/UnitySubsystems
[Subsystems] Discovering subsystems at path D:/GAME_DESIGN/CURRIC 576/MyProj/A02_BasicGenreFrameWork_Card_LetoXinyueLiang/Assets
GfxDevice: creating device client; threaded=0; jobified=0
Direct3D:
    Version:  Direct3D 11.0 [level 11.1]
    Renderer: NVIDIA GeForce RTX 3070 (ID=0x2484)
    Vendor:   NVIDIA
    VRAM:     8043 MB
    Driver:   27.21.14.6647
Initialize mono
Mono path[0] = 'D:/UNITY/2021.2.12f1/Editor/Data/Managed'
Mono path[1] = 'D:/UNITY/2021.2.12f1/Editor/Data/MonoBleedingEdge/lib/mono/unityjit-win32'
Mono config path = 'D:/UNITY/2021.2.12f1/Editor/Data/MonoBleedingEdge/etc'
Using monoOptions --debugger-agent=transport=dt_socket,embedding=1,server=y,suspend=n,address=127.0.0.1:56396
Begin MonoManager ReloadAssembly
Registering precompiled unity dll's ...
Register platform support module: D:/UNITY/2021.2.12f1/Editor/Data/PlaybackEngines/WindowsStandaloneSupport/UnityEditor.WindowsStandalone.Extensions.dll
Registered in 0.002251 seconds.
Native extension for WindowsStandalone target not found
Refreshing native plugins compatible for Editor in 31.62 ms, found 3 plugins.
Preloading 0 native plugins for Editor in 0.00 ms.
Mono: successfully reloaded assembly
- Completed reload, in  0.550 seconds
Domain Reload Profiling:
	ReloadAssembly (551ms)
		BeginReloadAssembly (57ms)
			ExecutionOrderSort (0ms)
			DisableScriptedObjects (0ms)
			BackupInstance (0ms)
			ReleaseScriptingObjects (0ms)
			CreateAndSetChildDomain (1ms)
		EndReloadAssembly (421ms)
			LoadAssemblies (56ms)
			RebuildTransferFunctionScriptingTraits (0ms)
			SetupTypeCache (76ms)
			ReleaseScriptCaches (0ms)
			RebuildScriptCaches (18ms)
			SetupLoadedEditorAssemblies (290ms)
				LogAssemblyErrors (0ms)
				InitializePlatformSupportModulesInManaged (5ms)
				SetLoadedEditorAssemblies (0ms)
				RefreshPlugins (32ms)
				BeforeProcessingInitializeOnLoad (1ms)
				ProcessInitializeOnLoadAttributes (108ms)
				ProcessInitializeOnLoadMethodAttributes (144ms)
				AfterProcessingInitializeOnLoad (0ms)
				EditorAssembliesLoaded (0ms)
			ExecutionOrderSort2 (0ms)
			AwakeInstancesAfterBackupRestoration (0ms)
Platform modules already initialized, skipping
Registering precompiled user dll's ...
Registered in 0.106586 seconds.
Begin MonoManager ReloadAssembly
Native extension for WindowsStandalone target not found
Refreshing native plugins compatible for Editor in 32.97 ms, found 3 plugins.
Preloading 0 native plugins for Editor in 0.00 ms.
Mono: successfully reloaded assembly
- Completed reload, in  3.892 seconds
Domain Reload Profiling:
	ReloadAssembly (3893ms)
		BeginReloadAssembly (92ms)
			ExecutionOrderSort (0ms)
			DisableScriptedObjects (5ms)
			BackupInstance (0ms)
			ReleaseScriptingObjects (0ms)
			CreateAndSetChildDomain (18ms)
		EndReloadAssembly (3718ms)
			LoadAssemblies (72ms)
			RebuildTransferFunctionScriptingTraits (0ms)
			SetupTypeCache (157ms)
			ReleaseScriptCaches (1ms)
			RebuildScriptCaches (42ms)
			SetupLoadedEditorAssemblies (3425ms)
				LogAssemblyErrors (0ms)
				InitializePlatformSupportModulesInManaged (3ms)
				SetLoadedEditorAssemblies (0ms)
				RefreshPlugins (33ms)
				BeforeProcessingInitializeOnLoad (49ms)
				ProcessInitializeOnLoadAttributes (3169ms)
				ProcessInitializeOnLoadMethodAttributes (169ms)
				AfterProcessingInitializeOnLoad (2ms)
				EditorAssembliesLoaded (0ms)
			ExecutionOrderSort2 (0ms)
			AwakeInstancesAfterBackupRestoration (4ms)
Platform modules already initialized, skipping
========================================================================
Worker process is ready to serve import requests
Launched and connected shader compiler UnityShaderCompiler.exe after 0.35 seconds
Refreshing native plugins compatible for Editor in 0.55 ms, found 3 plugins.
Preloading 0 native plugins for Editor in 0.00 ms.
Unloading 2841 Unused Serialized files (Serialized files now loaded: 0)
Unloading 38 unused Assets / (56.2 KB). Loaded Objects now: 3297.
Memory consumption went from 120.9 MB to 120.8 MB.
Total: 481.529300 ms (FindLiveObjects: 0.222100 ms CreateObjectMapping: 0.120600 ms MarkObjects: 481.075000 ms  DeleteObjects: 0.110200 ms)

AssetImportParameters requested are different than current active one (requested -> active):
  custom:video-decoder-ogg-theora: a1e56fd34408186e4bbccfd4996cb3dc -> 
  custom:container-muxer-webm: aa71ff27fc2769a1b78a27578f13a17b -> 
  custom:container-demuxer-webm: 4f35f7cbe854078d1ac9338744f61a02 -> 
  custom:video-encoder-webm-vp8: eb34c28f22e8b96e1ab97ce403110664 -> 
  custom:video-codec-MediaFoundation-h265: 746d11721c4dcdbdad8f713fa42b33f4 -> 
  custom:audio-encoder-webm-vorbis: bf7c407c2cedff20999df2af8eb42d56 -> 
  custom:framework-win-MediaFoundation: 216162199b28c13a410421893ffa2e32 -> 
  custom:container-demuxer-ogg: 62fdf1f143b41e24485cea50d1cbac27 -> 
  custom:video-decoder-webm-vp8: 9c59270c3fd7afecdb556c50c9e8de78 -> 
  custom:audio-decoder-ogg-vorbis: bf7c407c2cedff20999df2af8eb42d56 -> 
========================================================================
Received Import Request.
  Time since last request: 1707900.613955 seconds.
  path: Assets/Scripts/PlayerManager.cs
  artifactKey: Guid(51a9d2c3dfbe8d54fa593057f47cb04c) Importer(815301076,1909f56bfc062723c751e8b465ee728b)
Start importing Assets/Scripts/PlayerManager.cs using Guid(51a9d2c3dfbe8d54fa593057f47cb04c) Importer(815301076,1909f56bfc062723c751e8b465ee728b)  -> (artifact id: '79f9ae3b1ec3cdfb8d041f9d4e2bc99a') in 0.389010 seconds 
========================================================================
Received Import Request.
  Time since last request: 5.819853 seconds.
  path: Assets/PreFebs/Background.prefab
  artifactKey: Guid(88f2dbbd0a8cf4e7cad9c9ae914a98f7) Importer(815301076,1909f56bfc062723c751e8b465ee728b)
Start importing Assets/PreFebs/Background.prefab using Guid(88f2dbbd0a8cf4e7cad9c9ae914a98f7) Importer(815301076,1909f56bfc062723c751e8b465ee728b)  -> (artifact id: '8fba3fa952961fa0acc97482a33a09c5') in 0.590579 seconds 
========================================================================
Received Import Request.
  Time since last request: 0.000021 seconds.
  path: Assets/PreFebs/EnemyArea.prefab
  artifactKey: Guid(d21e0f3524c254daebed33e5db521443) Importer(815301076,1909f56bfc062723c751e8b465ee728b)
Start importing Assets/PreFebs/EnemyArea.prefab using Guid(d21e0f3524c254daebed33e5db521443) Importer(815301076,1909f56bfc062723c751e8b465ee728b)  -> (artifact id: 'f712a569381546184bdcfd21d4184fa5') in 0.017918 seconds 
========================================================================
Received Import Request.
  Time since last request: 0.000022 seconds.
  path: Assets/PreFebs/PlayerManager.prefab
  artifactKey: Guid(3187f9d3ab3275444bd3d2068082c41e) Importer(815301076,1909f56bfc062723c751e8b465ee728b)
Start importing Assets/PreFebs/PlayerManager.prefab using Guid(3187f9d3ab3275444bd3d2068082c41e) Importer(815301076,1909f56bfc062723c751e8b465ee728b)  -> (artifact id: '16ff547224bb84fb3ab6160d481a9b36') in 0.115247 seconds 
========================================================================
Received Import Request.
  Time since last request: 0.000019 seconds.
  path: Assets/PreFebs/PlayerArea.prefab
  artifactKey: Guid(82f9ba0ba4f2f45e993896b4797f39eb) Importer(815301076,1909f56bfc062723c751e8b465ee728b)
Start importing Assets/PreFebs/PlayerArea.prefab using Guid(82f9ba0ba4f2f45e993896b4797f39eb) Importer(815301076,1909f56bfc062723c751e8b465ee728b)  -> (artifact id: 'daf3db820d61374c65668c8ad9b39d5f') in 0.007869 seconds 
========================================================================
Received Import Request.
  Time since last request: 0.000021 seconds.
  path: Assets/PreFebs/Card2.prefab
  artifactKey: Guid(37c4b5fbac85d4cb19c90508022a70ae) Importer(815301076,1909f56bfc062723c751e8b465ee728b)
Start importing Assets/PreFebs/Card2.prefab using Guid(37c4b5fbac85d4cb19c90508022a70ae) Importer(815301076,1909f56bfc062723c751e8b465ee728b)  -> (artifact id: 'f0e7e97881741fe755e555c08c6026ff') in 0.009235 seconds 
========================================================================
Received Import Request.
  Time since last request: 51.927937 seconds.
  path: Assets/PreFebs/PlayerManager.prefab
  artifactKey: Guid(3187f9d3ab3275444bd3d2068082c41e) Importer(815301076,1909f56bfc062723c751e8b465ee728b)
Start importing Assets/PreFebs/PlayerManager.prefab using Guid(3187f9d3ab3275444bd3d2068082c41e) Importer(815301076,1909f56bfc062723c751e8b465ee728b)  -> (artifact id: '21522ef01813615de7de55224c4642ec') in 0.004053 seconds 
========================================================================
Received Import Request.
  Time since last request: 2.529494 seconds.
  path: Assets/PreFebs/PlayerManager.prefab
  artifactKey: Guid(3187f9d3ab3275444bd3d2068082c41e) Importer(815301076,1909f56bfc062723c751e8b465ee728b)
Start importing Assets/PreFebs/PlayerManager.prefab using Guid(3187f9d3ab3275444bd3d2068082c41e) Importer(815301076,1909f56bfc062723c751e8b465ee728b)  -> (artifact id: 'ce1d153241b532f9c97487ec135e3ec0') in 0.246410 seconds 
========================================================================
Received Import Request.
  Time since last request: 2.293935 seconds.
  path: Assets/PreFebs/PlayerManager.prefab
  artifactKey: Guid(3187f9d3ab3275444bd3d2068082c41e) Importer(815301076,1909f56bfc062723c751e8b465ee728b)
Start importing Assets/PreFebs/PlayerManager.prefab using Guid(3187f9d3ab3275444bd3d2068082c41e) Importer(815301076,1909f56bfc062723c751e8b465ee728b)  -> (artifact id: '6771b97edfb002bdb593bbadef20cc81') in 0.112928 seconds 
========================================================================
Received Import Request.
  Time since last request: 5.457914 seconds.
  path: Assets/PreFebs/PlayerManager.prefab
  artifactKey: Guid(3187f9d3ab3275444bd3d2068082c41e) Importer(815301076,1909f56bfc062723c751e8b465ee728b)
Start importing Assets/PreFebs/PlayerManager.prefab using Guid(3187f9d3ab3275444bd3d2068082c41e) Importer(815301076,1909f56bfc062723c751e8b465ee728b)  -> (artifact id: '993997d2d6fabd9211538697066552f8') in 0.096215 seconds 
========================================================================
Received Import Request.
  Time since last request: 1.317913 seconds.
  path: Assets/PreFebs/PlayerManager.prefab
  artifactKey: Guid(3187f9d3ab3275444bd3d2068082c41e) Importer(815301076,1909f56bfc062723c751e8b465ee728b)
Start importing Assets/PreFebs/PlayerManager.prefab using Guid(3187f9d3ab3275444bd3d2068082c41e) Importer(815301076,1909f56bfc062723c751e8b465ee728b)  -> (artifact id: 'ec328cf006e713ca236ec12c03f916d0') in 0.139464 seconds 
========================================================================
Received Import Request.
  Time since last request: 3.836273 seconds.
  path: Assets/PreFebs/PlayerManager.prefab
  artifactKey: Guid(3187f9d3ab3275444bd3d2068082c41e) Importer(815301076,1909f56bfc062723c751e8b465ee728b)
Start importing Assets/PreFebs/PlayerManager.prefab using Guid(3187f9d3ab3275444bd3d2068082c41e) Importer(815301076,1909f56bfc062723c751e8b465ee728b)  -> (artifact id: 'a892b7745bd961885daa6d7dfacfa2b1') in 0.188809 seconds 
========================================================================
Received Import Request.
  Time since last request: 93.095070 seconds.
  path: Assets/Scripts/DrawCards.cs
  artifactKey: Guid(be25bdfd6e4624deba069b51a804bc1e) Importer(815301076,1909f56bfc062723c751e8b465ee728b)
Start importing Assets/Scripts/DrawCards.cs using Guid(be25bdfd6e4624deba069b51a804bc1e) Importer(815301076,1909f56bfc062723c751e8b465ee728b)  -> (artifact id: '8d37f3bc50ab5a00bccf35a04439d0c0') in 0.018659 seconds 
========================================================================
Received Prepare
Registering precompiled user dll's ...
Registered in 0.004856 seconds.
Begin MonoManager ReloadAssembly
Native extension for WindowsStandalone target not found
Refreshing native plugins compatible for Editor in 0.61 ms, found 3 plugins.
Preloading 0 native plugins for Editor in 0.00 ms.
Mono: successfully reloaded assembly
- Completed reload, in  0.899 seconds
Domain Reload Profiling:
	ReloadAssembly (899ms)
		BeginReloadAssembly (206ms)
			ExecutionOrderSort (0ms)
			DisableScriptedObjects (17ms)
			BackupInstance (0ms)
			ReleaseScriptingObjects (0ms)
			CreateAndSetChildDomain (89ms)
		EndReloadAssembly (623ms)
			LoadAssemblies (89ms)
			RebuildTransferFunctionScriptingTraits (0ms)
			SetupTypeCache (166ms)
			ReleaseScriptCaches (1ms)
			RebuildScriptCaches (30ms)
			SetupLoadedEditorAssemblies (328ms)
				LogAssemblyErrors (0ms)
				InitializePlatformSupportModulesInManaged (11ms)
				SetLoadedEditorAssemblies (1ms)
				RefreshPlugins (1ms)
				BeforeProcessingInitializeOnLoad (41ms)
				ProcessInitializeOnLoadAttributes (228ms)
				ProcessInitializeOnLoadMethodAttributes (42ms)
				AfterProcessingInitializeOnLoad (2ms)
				EditorAssembliesLoaded (0ms)
			ExecutionOrderSort2 (0ms)
			AwakeInstancesAfterBackupRestoration (7ms)
Platform modules already initialized, skipping
